# JRE version: OpenJDK Runtime Environment Temurin-21.0.9+10 (21.0.9+10) (build 21.0.9+10-LTS)
# Java VM: OpenJDK 64-Bit Server VM Temurin-21.0.9+10 (21.0.9+10-LTS, mixed mode, sharing, tiered, compressed oops, compressed class ptrs, parallel gc, windows-amd64)
GC Precious Log:
 CardTable entry size: 512
 CPUs: 8 total, 8 available
 Memory: 24355M
 Large Page Support: Disabled
 NUMA Support: Disabled
 Compressed Oops: Enabled (32-bit)
 Alignments: Space 512K, Generation 512K, Heap 2M
 Heap Min Capacity: 100M
 Heap Initial Capacity: 100M
 Heap Max Capacity: 2G
 Pre-touch: Disabled
 Parallel Workers: 8
Heap:
 PSYoungGen      total 4096K, used 1699K [0x00000000d5580000, 0x00000000d5b00000, 0x0000000100000000)
  eden space 2560K, 15% used [0x00000000d5580000,0x00000000d55e0c28,0x00000000d5800000)
  from space 1536K, 85% used [0x00000000d5800000,0x00000000d5948000,0x00000000d5980000)
  to   space 1536K, 0% used [0x00000000d5980000,0x00000000d5980000,0x00000000d5b00000)
 ParOldGen       total 760832K, used 760551K [0x0000000080000000, 0x00000000ae700000, 0x00000000d5580000)
  object space 760832K, 99% used [0x0000000080000000,0x00000000ae6b9ed8,0x00000000ae700000)
 Metaspace       used 70937K, committed 72512K, reserved 1114112K
  class space    used 7579K, committed 8320K, reserved 1048576K
GC Heap History (20 events):
Event: 76.016 GC heap before
{Heap before GC invocations=999 (full 3):
 PSYoungGen      total 5120K, used 5119K [0x00000000d5580000, 0x00000000d5e80000, 0x0000000100000000)
  eden space 2560K, 100% used [0x00000000d5580000,0x00000000d5800000,0x00000000d5800000)
  from space 2560K, 99% used [0x00000000d5800000,0x00000000d5a7fcc0,0x00000000d5a80000)
  to   space 3072K, 0% used [0x00000000d5b80000,0x00000000d5b80000,0x00000000d5e80000)
 ParOldGen       total 742912K, used 742589K [0x0000000080000000, 0x00000000ad580000, 0x00000000d5580000)
  object space 742912K, 99% used [0x0000000080000000,0x00000000ad52f790,0x00000000ad580000)
 Metaspace       used 70675K, committed 72256K, reserved 1114112K
  class space    used 7552K, committed 8256K, reserved 1048576K
}
Event: 76.020 GC heap after
{Heap after GC invocations=999 (full 3):
 PSYoungGen      total 5120K, used 1759K [0x00000000d5580000, 0x00000000d5d80000, 0x0000000100000000)
  eden space 3072K, 0% used [0x00000000d5580000,0x00000000d5580000,0x00000000d5880000)
  from space 2048K, 85% used [0x00000000d5b80000,0x00000000d5d37d28,0x00000000d5d80000)
  to   space 2560K, 0% used [0x00000000d5880000,0x00000000d5880000,0x00000000d5b00000)
 ParOldGen       total 745472K, used 745018K [0x0000000080000000, 0x00000000ad800000, 0x00000000d5580000)
  object space 745472K, 99% used [0x0000000080000000,0x00000000ad78e870,0x00000000ad800000)
 Metaspace       used 70675K, committed 72256K, reserved 1114112K
  class space    used 7552K, committed 8256K, reserved 1048576K
}
Event: 76.067 GC heap before
{Heap before GC invocations=1000 (full 3):
 PSYoungGen      total 5120K, used 4831K [0x00000000d5580000, 0x00000000d5d80000, 0x0000000100000000)
  eden space 3072K, 100% used [0x00000000d5580000,0x00000000d5880000,0x00000000d5880000)
  from space 2048K, 85% used [0x00000000d5b80000,0x00000000d5d37d28,0x00000000d5d80000)
  to   space 2560K, 0% used [0x00000000d5880000,0x00000000d5880000,0x00000000d5b00000)
 ParOldGen       total 745472K, used 745018K [0x0000000080000000, 0x00000000ad800000, 0x00000000d5580000)
  object space 745472K, 99% used [0x0000000080000000,0x00000000ad78e870,0x00000000ad800000)
 Metaspace       used 70675K, committed 72256K, reserved 1114112K
  class space    used 7552K, committed 8256K, reserved 1048576K
}
Event: 76.071 GC heap after
{Heap after GC invocations=1000 (full 3):
 PSYoungGen      total 5632K, used 2008K [0x00000000d5580000, 0x00000000d5e80000, 0x0000000100000000)
  eden space 3072K, 0% used [0x00000000d5580000,0x00000000d5580000,0x00000000d5880000)
  from space 2560K, 78% used [0x00000000d5880000,0x00000000d5a760d8,0x00000000d5b00000)
  to   space 2560K, 0% used [0x00000000d5c00000,0x00000000d5c00000,0x00000000d5e80000)
 ParOldGen       total 747008K, used 746603K [0x0000000080000000, 0x00000000ad980000, 0x00000000d5580000)
  object space 747008K, 99% used [0x0000000080000000,0x00000000ad91afc0,0x00000000ad980000)
 Metaspace       used 70675K, committed 72256K, reserved 1114112K
  class space    used 7552K, committed 8256K, reserved 1048576K
}
Event: 76.092 GC heap before
{Heap before GC invocations=1001 (full 3):
 PSYoungGen      total 5632K, used 5080K [0x00000000d5580000, 0x00000000d5e80000, 0x0000000100000000)
  eden space 3072K, 100% used [0x00000000d5580000,0x00000000d5880000,0x00000000d5880000)
  from space 2560K, 78% used [0x00000000d5880000,0x00000000d5a760d8,0x00000000d5b00000)
  to   space 2560K, 0% used [0x00000000d5c00000,0x00000000d5c00000,0x00000000d5e80000)
 ParOldGen       total 747008K, used 746603K [0x0000000080000000, 0x00000000ad980000, 0x00000000d5580000)
  object space 747008K, 99% used [0x0000000080000000,0x00000000ad91afc0,0x00000000ad980000)
 Metaspace       used 70675K, committed 72256K, reserved 1114112K
  class space    used 7552K, committed 8256K, reserved 1048576K
}
Event: 76.096 GC heap after
{Heap after GC invocations=1001 (full 3):
 PSYoungGen      total 5632K, used 1184K [0x00000000d5580000, 0x00000000d5d80000, 0x0000000100000000)
  eden space 4096K, 0% used [0x00000000d5580000,0x00000000d5580000,0x00000000d5980000)
  from space 1536K, 77% used [0x00000000d5c00000,0x00000000d5d28000,0x00000000d5d80000)
  to   space 1536K, 0% used [0x00000000d5a80000,0x00000000d5a80000,0x00000000d5c00000)
 ParOldGen       total 748544K, used 748529K [0x0000000080000000, 0x00000000adb00000, 0x00000000d5580000)
  object space 748544K, 99% used [0x0000000080000000,0x00000000adafc598,0x00000000adb00000)
 Metaspace       used 70675K, committed 72256K, reserved 1114112K
  class space    used 7552K, committed 8256K, reserved 1048576K
}
Event: 76.125 GC heap before
{Heap before GC invocations=1002 (full 3):
 PSYoungGen      total 5632K, used 5280K [0x00000000d5580000, 0x00000000d5d80000, 0x0000000100000000)
  eden space 4096K, 100% used [0x00000000d5580000,0x00000000d5980000,0x00000000d5980000)
  from space 1536K, 77% used [0x00000000d5c00000,0x00000000d5d28000,0x00000000d5d80000)
  to   space 1536K, 0% used [0x00000000d5a80000,0x00000000d5a80000,0x00000000d5c00000)
 ParOldGen       total 748544K, used 748529K [0x0000000080000000, 0x00000000adb00000, 0x00000000d5580000)
  object space 748544K, 99% used [0x0000000080000000,0x00000000adafc598,0x00000000adb00000)
 Metaspace       used 70680K, committed 72256K, reserved 1114112K
  class space    used 7552K, committed 8256K, reserved 1048576K
}
Event: 76.132 GC heap after
{Heap after GC invocations=1002 (full 3):
 PSYoungGen      total 5632K, used 1512K [0x00000000d5580000, 0x00000000d6080000, 0x0000000100000000)
  eden space 4096K, 0% used [0x00000000d5580000,0x00000000d5580000,0x00000000d5980000)
  from space 1536K, 98% used [0x00000000d5a80000,0x00000000d5bfa208,0x00000000d5c00000)
  to   space 3584K, 0% used [0x00000000d5d00000,0x00000000d5d00000,0x00000000d6080000)
 ParOldGen       total 750080K, used 749827K [0x0000000080000000, 0x00000000adc80000, 0x00000000d5580000)
  object space 750080K, 99% used [0x0000000080000000,0x00000000adc40d70,0x00000000adc80000)
 Metaspace       used 70680K, committed 72256K, reserved 1114112K
  class space    used 7552K, committed 8256K, reserved 1048576K
}
Event: 76.154 GC heap before
{Heap before GC invocations=1003 (full 3):
 PSYoungGen      total 5632K, used 5608K [0x00000000d5580000, 0x00000000d6080000, 0x0000000100000000)
  eden space 4096K, 100% used [0x00000000d5580000,0x00000000d5980000,0x00000000d5980000)
  from space 1536K, 98% used [0x00000000d5a80000,0x00000000d5bfa208,0x00000000d5c00000)
  to   space 3584K, 0% used [0x00000000d5d00000,0x00000000d5d00000,0x00000000d6080000)
 ParOldGen       total 750080K, used 749827K [0x0000000080000000, 0x00000000adc80000, 0x00000000d5580000)
  object space 750080K, 99% used [0x0000000080000000,0x00000000adc40d70,0x00000000adc80000)
 Metaspace       used 70681K, committed 72256K, reserved 1114112K
  class space    used 7552K, committed 8256K, reserved 1048576K
}
Event: 76.159 GC heap after
{Heap after GC invocations=1003 (full 3):
 PSYoungGen      total 5120K, used 3584K [0x00000000d5580000, 0x00000000d6580000, 0x0000000100000000)
  eden space 1536K, 0% used [0x00000000d5580000,0x00000000d5580000,0x00000000d5700000)
  from space 3584K, 100% used [0x00000000d5d00000,0x00000000d6080000,0x00000000d6080000)
  to   space 6144K, 0% used [0x00000000d5700000,0x00000000d5700000,0x00000000d5d00000)
 ParOldGen       total 751616K, used 751437K [0x0000000080000000, 0x00000000ade00000, 0x00000000d5580000)
  object space 751616K, 99% used [0x0000000080000000,0x00000000addd3720,0x00000000ade00000)
 Metaspace       used 70681K, committed 72256K, reserved 1114112K
  class space    used 7552K, committed 8256K, reserved 1048576K
}
Event: 76.165 GC heap before
{Heap before GC invocations=1004 (full 3):
 PSYoungGen      total 5120K, used 5120K [0x00000000d5580000, 0x00000000d6580000, 0x0000000100000000)
  eden space 1536K, 100% used [0x00000000d5580000,0x00000000d5700000,0x00000000d5700000)
  from space 3584K, 100% used [0x00000000d5d00000,0x00000000d6080000,0x00000000d6080000)
  to   space 6144K, 0% used [0x00000000d5700000,0x00000000d5700000,0x00000000d5d00000)
 ParOldGen       total 751616K, used 751437K [0x0000000080000000, 0x00000000ade00000, 0x00000000d5580000)
  object space 751616K, 99% used [0x0000000080000000,0x00000000addd3720,0x00000000ade00000)
 Metaspace       used 70681K, committed 72256K, reserved 1114112K
  class space    used 7552K, committed 8256K, reserved 1048576K
}
Event: 76.169 GC heap after
{Heap after GC invocations=1004 (full 3):
 PSYoungGen      total 3072K, used 1440K [0x00000000d5580000, 0x00000000d5d80000, 0x0000000100000000)
  eden space 1536K, 0% used [0x00000000d5580000,0x00000000d5580000,0x00000000d5700000)
  from space 1536K, 93% used [0x00000000d5700000,0x00000000d5868000,0x00000000d5880000)
  to   space 3072K, 0% used [0x00000000d5a80000,0x00000000d5a80000,0x00000000d5d80000)
 ParOldGen       total 755200K, used 755005K [0x0000000080000000, 0x00000000ae180000, 0x00000000d5580000)
  object space 755200K, 99% used [0x0000000080000000,0x00000000ae14f5d8,0x00000000ae180000)
 Metaspace       used 70681K, committed 72256K, reserved 1114112K
  class space    used 7552K, committed 8256K, reserved 1048576K
}
Event: 76.172 GC heap before
{Heap before GC invocations=1005 (full 3):
 PSYoungGen      total 3072K, used 2976K [0x00000000d5580000, 0x00000000d5d80000, 0x0000000100000000)
  eden space 1536K, 100% used [0x00000000d5580000,0x00000000d5700000,0x00000000d5700000)
  from space 1536K, 93% used [0x00000000d5700000,0x00000000d5868000,0x00000000d5880000)
  to   space 3072K, 0% used [0x00000000d5a80000,0x00000000d5a80000,0x00000000d5d80000)
 ParOldGen       total 755200K, used 755005K [0x0000000080000000, 0x00000000ae180000, 0x00000000d5580000)
  object space 755200K, 99% used [0x0000000080000000,0x00000000ae14f5d8,0x00000000ae180000)
 Metaspace       used 70682K, committed 72256K, reserved 1114112K
  class space    used 7552K, committed 8256K, reserved 1048576K
}
Event: 76.175 GC heap after
{Heap after GC invocations=1005 (full 3):
 PSYoungGen      total 3584K, used 1475K [0x00000000d5580000, 0x00000000d5c00000, 0x0000000100000000)
  eden space 2048K, 0% used [0x00000000d5580000,0x00000000d5580000,0x00000000d5780000)
  from space 1536K, 96% used [0x00000000d5a80000,0x00000000d5bf0da0,0x00000000d5c00000)
  to   space 2048K, 0% used [0x00000000d5800000,0x00000000d5800000,0x00000000d5a00000)
 ParOldGen       total 756736K, used 756388K [0x0000000080000000, 0x00000000ae300000, 0x00000000d5580000)
  object space 756736K, 99% used [0x0000000080000000,0x00000000ae2a9108,0x00000000ae300000)
 Metaspace       used 70682K, committed 72256K, reserved 1114112K
  class space    used 7552K, committed 8256K, reserved 1048576K
}
Event: 76.181 GC heap before
{Heap before GC invocations=1006 (full 3):
 PSYoungGen      total 3584K, used 3523K [0x00000000d5580000, 0x00000000d5c00000, 0x0000000100000000)
  eden space 2048K, 99% used [0x00000000d5580000,0x00000000d577ffb8,0x00000000d5780000)
  from space 1536K, 96% used [0x00000000d5a80000,0x00000000d5bf0da0,0x00000000d5c00000)
  to   space 2048K, 0% used [0x00000000d5800000,0x00000000d5800000,0x00000000d5a00000)
 ParOldGen       total 756736K, used 756388K [0x0000000080000000, 0x00000000ae300000, 0x00000000d5580000)
  object space 756736K, 99% used [0x0000000080000000,0x00000000ae2a9108,0x00000000ae300000)
 Metaspace       used 70684K, committed 72256K, reserved 1114112K
  class space    used 7552K, committed 8256K, reserved 1048576K
}
Event: 76.186 GC heap after
{Heap after GC invocations=1006 (full 3):
 PSYoungGen      total 4608K, used 1888K [0x00000000d5580000, 0x00000000d5c00000, 0x0000000100000000)
  eden space 2560K, 0% used [0x00000000d5580000,0x00000000d5580000,0x00000000d5800000)
  from space 2048K, 92% used [0x00000000d5800000,0x00000000d59d8000,0x00000000d5a00000)
  to   space 2048K, 0% used [0x00000000d5a00000,0x00000000d5a00000,0x00000000d5c00000)
 ParOldGen       total 758272K, used 757767K [0x0000000080000000, 0x00000000ae480000, 0x00000000d5580000)
  object space 758272K, 99% used [0x0000000080000000,0x00000000ae401ea8,0x00000000ae480000)
 Metaspace       used 70684K, committed 72256K, reserved 1114112K
  class space    used 7552K, committed 8256K, reserved 1048576K
}
Event: 77.227 GC heap before
{Heap before GC invocations=1007 (full 3):
 PSYoungGen      total 4608K, used 4390K [0x00000000d5580000, 0x00000000d5c00000, 0x0000000100000000)
  eden space 2560K, 97% used [0x00000000d5580000,0x00000000d57f1958,0x00000000d5800000)
  from space 2048K, 92% used [0x00000000d5800000,0x00000000d59d8000,0x00000000d5a00000)
  to   space 2048K, 0% used [0x00000000d5a00000,0x00000000d5a00000,0x00000000d5c00000)
 ParOldGen       total 758272K, used 757767K [0x0000000080000000, 0x00000000ae480000, 0x00000000d5580000)
  object space 758272K, 99% used [0x0000000080000000,0x00000000ae401ea8,0x00000000ae480000)
 Metaspace       used 70826K, committed 72448K, reserved 1114112K
  class space    used 7572K, committed 8320K, reserved 1048576K
}
Event: 77.230 GC heap after
{Heap after GC invocations=1007 (full 3):
 PSYoungGen      total 4608K, used 1394K [0x00000000d5580000, 0x00000000d5c80000, 0x0000000100000000)
  eden space 2560K, 0% used [0x00000000d5580000,0x00000000d5580000,0x00000000d5800000)
  from space 2048K, 68% used [0x00000000d5a00000,0x00000000d5b5cab0,0x00000000d5c00000)
  to   space 2048K, 0% used [0x00000000d5800000,0x00000000d5800000,0x00000000d5a00000)
 ParOldGen       total 759808K, used 759575K [0x0000000080000000, 0x00000000ae600000, 0x00000000d5580000)
  object space 759808K, 99% used [0x0000000080000000,0x00000000ae5c5ed8,0x00000000ae600000)
 Metaspace       used 70826K, committed 72448K, reserved 1114112K
  class space    used 7572K, committed 8320K, reserved 1048576K
}
Event: 354.587 GC heap before
{Heap before GC invocations=1008 (full 3):
 PSYoungGen      total 4608K, used 3954K [0x00000000d5580000, 0x00000000d5c80000, 0x0000000100000000)
  eden space 2560K, 99% used [0x00000000d5580000,0x00000000d57fff88,0x00000000d5800000)
  from space 2048K, 68% used [0x00000000d5a00000,0x00000000d5b5cab0,0x00000000d5c00000)
  to   space 2048K, 0% used [0x00000000d5800000,0x00000000d5800000,0x00000000d5a00000)
 ParOldGen       total 759808K, used 759575K [0x0000000080000000, 0x00000000ae600000, 0x00000000d5580000)
  object space 759808K, 99% used [0x0000000080000000,0x00000000ae5c5ed8,0x00000000ae600000)
 Metaspace       used 70886K, committed 72512K, reserved 1114112K
  class space    used 7577K, committed 8320K, reserved 1048576K
}
Event: 354.592 GC heap after
{Heap after GC invocations=1008 (full 3):
 PSYoungGen      total 4096K, used 1312K [0x00000000d5580000, 0x00000000d5b00000, 0x0000000100000000)
  eden space 2560K, 0% used [0x00000000d5580000,0x00000000d5580000,0x00000000d5800000)
  from space 1536K, 85% used [0x00000000d5800000,0x00000000d5948000,0x00000000d5980000)
  to   space 1536K, 0% used [0x00000000d5980000,0x00000000d5980000,0x00000000d5b00000)
 ParOldGen       total 760832K, used 760551K [0x0000000080000000, 0x00000000ae700000, 0x00000000d5580000)
  object space 760832K, 99% used [0x0000000080000000,0x00000000ae6b9ed8,0x00000000ae700000)
 Metaspace       used 70886K, committed 72512K, reserved 1114112K
  class space    used 7577K, committed 8320K, reserved 1048576K
}

